2023-11-11T18:48:28.105+0800	INFO	migrator/app.go:29	migrator starting
2023-11-11T18:48:28.124+0800	INFO	scheduler/app.go:35	worker app is starting
2023-11-11T18:48:28.124+0800	INFO	migrator/worker.go:50	migrator ticking...
2023-11-11T18:48:28.251+0800	INFO	scheduler/worker.go:103	get scheduler lock success, key: time_bucket_lock_2023-11-11 18:48_4
2023-11-11T18:48:28.262+0800	INFO	scheduler/worker.go:103	get scheduler lock success, key: time_bucket_lock_2023-11-11 18:47_3
2023-11-11T18:48:28.263+0800	INFO	scheduler/worker.go:103	get scheduler lock success, key: time_bucket_lock_2023-11-11 18:48_1
2023-11-11T18:48:28.265+0800	INFO	scheduler/worker.go:103	get scheduler lock success, key: time_bucket_lock_2023-11-11 18:47_2
2023-11-11T18:48:28.266+0800	INFO	scheduler/worker.go:103	get scheduler lock success, key: time_bucket_lock_2023-11-11 18:47_0
2023-11-11T18:48:28.267+0800	INFO	scheduler/worker.go:103	get scheduler lock success, key: time_bucket_lock_2023-11-11 18:48_3
2023-11-11T18:48:28.266+0800	INFO	scheduler/worker.go:103	get scheduler lock success, key: time_bucket_lock_2023-11-11 18:48_2
2023-11-11T18:48:28.266+0800	INFO	scheduler/worker.go:103	get scheduler lock success, key: time_bucket_lock_2023-11-11 18:48_0
2023-11-11T18:48:28.266+0800	INFO	scheduler/worker.go:103	get scheduler lock success, key: time_bucket_lock_2023-11-11 18:47_1
2023-11-11T18:48:28.269+0800	INFO	scheduler/worker.go:103	get scheduler lock success, key: time_bucket_lock_2023-11-11 18:47_4
2023-11-11T18:48:28.307+0800	WARN	executor/timer.go:118	get timer from local cache failed, timerID: 3
2023-11-11T18:48:48.306+0800	WARN	executor/timer.go:118	get timer from local cache failed, timerID: 3
2023-11-11T18:49:00.056+0800	INFO	scheduler/worker.go:103	get scheduler lock success, key: time_bucket_lock_2023-11-11 18:49_0
2023-11-11T18:49:00.056+0800	INFO	scheduler/worker.go:103	get scheduler lock success, key: time_bucket_lock_2023-11-11 18:49_2
2023-11-11T18:49:00.057+0800	INFO	scheduler/worker.go:103	get scheduler lock success, key: time_bucket_lock_2023-11-11 18:49_3
2023-11-11T18:49:00.057+0800	INFO	scheduler/worker.go:103	get scheduler lock success, key: time_bucket_lock_2023-11-11 18:49_4
2023-11-11T18:49:00.058+0800	INFO	scheduler/worker.go:103	get scheduler lock success, key: time_bucket_lock_2023-11-11 18:49_1
2023-11-11T18:49:28.262+0800	ERROR	scheduler/worker.go:107	expire lock failed, lock key: time_bucket_lock_2023-11-11 18:48_4, err: can not expire without ownership of locker
2023-11-11T18:49:28.263+0800	INFO	trigger/worker.go:115	ack success, key: 2023-11-11 18:48_4
2023-11-11T18:49:28.274+0800	ERROR	scheduler/worker.go:107	expire lock failed, lock key: time_bucket_lock_2023-11-11 18:47_3, err: can not expire without ownership of locker
2023-11-11T18:49:28.274+0800	INFO	trigger/worker.go:115	ack success, key: 2023-11-11 18:47_3
2023-11-11T18:49:28.278+0800	ERROR	scheduler/worker.go:107	expire lock failed, lock key: time_bucket_lock_2023-11-11 18:47_4, err: can not expire without ownership of locker
2023-11-11T18:49:28.279+0800	INFO	trigger/worker.go:115	ack success, key: 2023-11-11 18:47_4
2023-11-11T18:49:28.279+0800	ERROR	scheduler/worker.go:107	expire lock failed, lock key: time_bucket_lock_2023-11-11 18:47_1, err: can not expire without ownership of locker
2023-11-11T18:49:28.279+0800	INFO	trigger/worker.go:115	ack success, key: 2023-11-11 18:47_1
2023-11-11T18:49:28.279+0800	ERROR	scheduler/worker.go:107	expire lock failed, lock key: time_bucket_lock_2023-11-11 18:48_1, err: can not expire without ownership of locker
2023-11-11T18:49:28.280+0800	ERROR	scheduler/worker.go:107	expire lock failed, lock key: time_bucket_lock_2023-11-11 18:48_2, err: can not expire without ownership of locker
2023-11-11T18:49:28.280+0800	INFO	trigger/worker.go:115	ack success, key: 2023-11-11 18:48_2
2023-11-11T18:49:28.280+0800	INFO	trigger/worker.go:115	ack success, key: 2023-11-11 18:48_1
2023-11-11T18:49:28.279+0800	ERROR	scheduler/worker.go:107	expire lock failed, lock key: time_bucket_lock_2023-11-11 18:47_0, err: can not expire without ownership of locker
2023-11-11T18:49:28.280+0800	ERROR	scheduler/worker.go:107	expire lock failed, lock key: time_bucket_lock_2023-11-11 18:47_2, err: can not expire without ownership of locker
2023-11-11T18:49:28.280+0800	INFO	trigger/worker.go:115	ack success, key: 2023-11-11 18:47_0
2023-11-11T18:49:28.280+0800	INFO	trigger/worker.go:115	ack success, key: 2023-11-11 18:47_2
2023-11-11T18:49:28.280+0800	ERROR	scheduler/worker.go:107	expire lock failed, lock key: time_bucket_lock_2023-11-11 18:48_0, err: can not expire without ownership of locker
2023-11-11T18:49:28.280+0800	INFO	trigger/worker.go:115	ack success, key: 2023-11-11 18:48_0
2023-11-11T18:49:28.280+0800	ERROR	scheduler/worker.go:107	expire lock failed, lock key: time_bucket_lock_2023-11-11 18:48_3, err: can not expire without ownership of locker
2023-11-11T18:49:28.280+0800	INFO	trigger/worker.go:115	ack success, key: 2023-11-11 18:48_3
2023-11-11T18:49:28.443+0800	INFO	scheduler/worker.go:103	get scheduler lock success, key: time_bucket_lock_2023-11-11 18:48_3
2023-11-11T18:49:28.473+0800	WARN	executor/timer.go:118	get timer from local cache failed, timerID: 3
2023-11-11T18:49:28.735+0800	INFO	scheduler/worker.go:103	get scheduler lock success, key: time_bucket_lock_2023-11-11 18:48_2
2023-11-11T18:49:29.344+0800	INFO	scheduler/worker.go:103	get scheduler lock success, key: time_bucket_lock_2023-11-11 18:48_4
2023-11-11T18:49:30.341+0800	INFO	scheduler/worker.go:103	get scheduler lock success, key: time_bucket_lock_2023-11-11 18:48_1
2023-11-11T18:49:30.451+0800	INFO	scheduler/worker.go:103	get scheduler lock success, key: time_bucket_lock_2023-11-11 18:48_0
2023-11-11T18:49:38.256+0800	INFO	scheduler/worker.go:103	get scheduler lock success, key: time_bucket_lock_2023-11-11 18:48_4
2023-11-11T18:49:38.349+0800	INFO	scheduler/worker.go:103	get scheduler lock success, key: time_bucket_lock_2023-11-11 18:48_0
2023-11-11T18:49:38.349+0800	INFO	scheduler/worker.go:103	get scheduler lock success, key: time_bucket_lock_2023-11-11 18:48_1
2023-11-11T18:49:38.350+0800	INFO	scheduler/worker.go:103	get scheduler lock success, key: time_bucket_lock_2023-11-11 18:48_3
2023-11-11T18:49:38.354+0800	INFO	scheduler/worker.go:103	get scheduler lock success, key: time_bucket_lock_2023-11-11 18:48_2
2023-11-11T18:49:38.380+0800	WARN	executor/timer.go:118	get timer from local cache failed, timerID: 3
2023-11-11T18:49:48.485+0800	WARN	executor/timer.go:118	get timer from local cache failed, timerID: 3
2023-11-11T18:49:58.387+0800	WARN	executor/timer.go:118	get timer from local cache failed, timerID: 3
2023-11-11T18:50:00.054+0800	INFO	scheduler/worker.go:103	get scheduler lock success, key: time_bucket_lock_2023-11-11 18:50_0
2023-11-11T18:50:00.056+0800	INFO	scheduler/worker.go:103	get scheduler lock success, key: time_bucket_lock_2023-11-11 18:50_1
2023-11-11T18:50:00.058+0800	INFO	scheduler/worker.go:103	get scheduler lock success, key: time_bucket_lock_2023-11-11 18:50_2
2023-11-11T18:50:00.059+0800	INFO	scheduler/worker.go:103	get scheduler lock success, key: time_bucket_lock_2023-11-11 18:50_3
2023-11-11T18:50:00.060+0800	INFO	scheduler/worker.go:103	get scheduler lock success, key: time_bucket_lock_2023-11-11 18:50_4
2023-11-11T18:50:00.069+0800	ERROR	scheduler/worker.go:107	expire lock failed, lock key: time_bucket_lock_2023-11-11 18:49_3, err: can not expire without ownership of locker
2023-11-11T18:50:00.070+0800	INFO	trigger/worker.go:115	ack success, key: 2023-11-11 18:49_3
2023-11-11T18:50:00.070+0800	ERROR	scheduler/worker.go:107	expire lock failed, lock key: time_bucket_lock_2023-11-11 18:49_1, err: can not expire without ownership of locker
2023-11-11T18:50:00.070+0800	INFO	trigger/worker.go:115	ack success, key: 2023-11-11 18:49_1
2023-11-11T18:50:00.070+0800	ERROR	scheduler/worker.go:107	expire lock failed, lock key: time_bucket_lock_2023-11-11 18:49_4, err: can not expire without ownership of locker
2023-11-11T18:50:00.070+0800	INFO	trigger/worker.go:115	ack success, key: 2023-11-11 18:49_4
2023-11-11T18:50:00.070+0800	ERROR	scheduler/worker.go:107	expire lock failed, lock key: time_bucket_lock_2023-11-11 18:49_2, err: can not expire without ownership of locker
2023-11-11T18:50:00.071+0800	INFO	trigger/worker.go:115	ack success, key: 2023-11-11 18:49_2
2023-11-11T18:50:00.070+0800	ERROR	scheduler/worker.go:107	expire lock failed, lock key: time_bucket_lock_2023-11-11 18:49_0, err: can not expire without ownership of locker
2023-11-11T18:50:00.071+0800	INFO	trigger/worker.go:115	ack success, key: 2023-11-11 18:49_0
2023-11-11T18:50:00.095+0800	WARN	executor/timer.go:118	get timer from local cache failed, timerID: 3
2023-11-11T18:50:00.140+0800	INFO	scheduler/worker.go:103	get scheduler lock success, key: time_bucket_lock_2023-11-11 18:49_0
2023-11-11T18:50:10.062+0800	INFO	scheduler/worker.go:103	get scheduler lock success, key: time_bucket_lock_2023-11-11 18:49_3
2023-11-11T18:50:10.065+0800	INFO	scheduler/worker.go:103	get scheduler lock success, key: time_bucket_lock_2023-11-11 18:49_2
2023-11-11T18:50:10.153+0800	INFO	scheduler/worker.go:103	get scheduler lock success, key: time_bucket_lock_2023-11-11 18:49_0
2023-11-11T18:50:10.153+0800	INFO	scheduler/worker.go:103	get scheduler lock success, key: time_bucket_lock_2023-11-11 18:49_4
2023-11-11T18:50:10.153+0800	INFO	scheduler/worker.go:103	get scheduler lock success, key: time_bucket_lock_2023-11-11 18:49_1
2023-11-11T18:50:17.834+0800	WARN	scheduler/app.go:45	worker app is stopped
2023-11-13T20:07:55.384+0800	INFO	migrator/app.go:29	migrator starting
2023-11-13T20:07:55.400+0800	INFO	scheduler/app.go:35	worker app is starting
2023-11-13T20:07:55.400+0800	INFO	migrator/worker.go:50	migrator ticking...
2023-11-13T20:07:55.536+0800	INFO	scheduler/worker.go:103	get scheduler lock success, key: time_bucket_lock_2023-11-13 20:07_0
2023-11-13T20:07:55.537+0800	INFO	scheduler/worker.go:103	get scheduler lock success, key: time_bucket_lock_2023-11-13 20:06_3
2023-11-13T20:07:55.538+0800	INFO	scheduler/worker.go:103	get scheduler lock success, key: time_bucket_lock_2023-11-13 20:07_3
2023-11-13T20:07:55.541+0800	INFO	scheduler/worker.go:103	get scheduler lock success, key: time_bucket_lock_2023-11-13 20:07_2
2023-11-13T20:07:55.542+0800	INFO	scheduler/worker.go:103	get scheduler lock success, key: time_bucket_lock_2023-11-13 20:06_4
2023-11-13T20:07:55.541+0800	INFO	scheduler/worker.go:103	get scheduler lock success, key: time_bucket_lock_2023-11-13 20:06_1
2023-11-13T20:07:55.541+0800	INFO	scheduler/worker.go:103	get scheduler lock success, key: time_bucket_lock_2023-11-13 20:06_0
2023-11-13T20:07:55.541+0800	INFO	scheduler/worker.go:103	get scheduler lock success, key: time_bucket_lock_2023-11-13 20:07_4
2023-11-13T20:07:55.541+0800	INFO	scheduler/worker.go:103	get scheduler lock success, key: time_bucket_lock_2023-11-13 20:06_2
2023-11-13T20:07:55.543+0800	INFO	scheduler/worker.go:103	get scheduler lock success, key: time_bucket_lock_2023-11-13 20:07_1
2023-11-13T20:08:00.026+0800	INFO	scheduler/worker.go:103	get scheduler lock success, key: time_bucket_lock_2023-11-13 20:08_1
2023-11-13T20:08:00.028+0800	INFO	scheduler/worker.go:103	get scheduler lock success, key: time_bucket_lock_2023-11-13 20:08_3
2023-11-13T20:08:00.029+0800	INFO	scheduler/worker.go:103	get scheduler lock success, key: time_bucket_lock_2023-11-13 20:08_0
2023-11-13T20:08:00.030+0800	INFO	scheduler/worker.go:103	get scheduler lock success, key: time_bucket_lock_2023-11-13 20:08_2
2023-11-13T20:08:00.031+0800	INFO	scheduler/worker.go:103	get scheduler lock success, key: time_bucket_lock_2023-11-13 20:08_4
2023-11-13T20:08:00.063+0800	WARN	executor/timer.go:118	get timer from local cache failed, timerID: 3
2023-11-13T20:08:20.066+0800	WARN	executor/timer.go:118	get timer from local cache failed, timerID: 3
2023-11-13T20:08:55.550+0800	ERROR	scheduler/worker.go:107	expire lock failed, lock key: time_bucket_lock_2023-11-13 20:06_3, err: can not expire without ownership of locker
2023-11-13T20:08:55.550+0800	INFO	trigger/worker.go:115	ack success, key: 2023-11-13 20:06_3
2023-11-13T20:08:55.550+0800	ERROR	scheduler/worker.go:107	expire lock failed, lock key: time_bucket_lock_2023-11-13 20:07_0, err: can not expire without ownership of locker
2023-11-13T20:08:55.550+0800	INFO	trigger/worker.go:115	ack success, key: 2023-11-13 20:07_0
2023-11-13T20:08:55.553+0800	ERROR	scheduler/worker.go:107	expire lock failed, lock key: time_bucket_lock_2023-11-13 20:07_2, err: can not expire without ownership of locker
2023-11-13T20:08:55.554+0800	INFO	trigger/worker.go:115	ack success, key: 2023-11-13 20:07_2
2023-11-13T20:08:55.555+0800	ERROR	scheduler/worker.go:107	expire lock failed, lock key: time_bucket_lock_2023-11-13 20:07_3, err: can not expire without ownership of locker
2023-11-13T20:08:55.555+0800	INFO	trigger/worker.go:115	ack success, key: 2023-11-13 20:07_3
2023-11-13T20:08:55.556+0800	ERROR	scheduler/worker.go:107	expire lock failed, lock key: time_bucket_lock_2023-11-13 20:07_4, err: can not expire without ownership of locker
2023-11-13T20:08:55.556+0800	INFO	trigger/worker.go:115	ack success, key: 2023-11-13 20:07_4
2023-11-13T20:08:55.556+0800	ERROR	scheduler/worker.go:107	expire lock failed, lock key: time_bucket_lock_2023-11-13 20:06_1, err: can not expire without ownership of locker
2023-11-13T20:08:55.556+0800	ERROR	scheduler/worker.go:107	expire lock failed, lock key: time_bucket_lock_2023-11-13 20:07_1, err: can not expire without ownership of locker
2023-11-13T20:08:55.556+0800	INFO	trigger/worker.go:115	ack success, key: 2023-11-13 20:06_1
2023-11-13T20:08:55.556+0800	INFO	trigger/worker.go:115	ack success, key: 2023-11-13 20:07_1
2023-11-13T20:08:55.556+0800	ERROR	scheduler/worker.go:107	expire lock failed, lock key: time_bucket_lock_2023-11-13 20:06_4, err: can not expire without ownership of locker
2023-11-13T20:08:55.556+0800	INFO	trigger/worker.go:115	ack success, key: 2023-11-13 20:06_4
2023-11-13T20:08:55.556+0800	ERROR	scheduler/worker.go:107	expire lock failed, lock key: time_bucket_lock_2023-11-13 20:06_0, err: can not expire without ownership of locker
2023-11-13T20:08:55.556+0800	ERROR	scheduler/worker.go:107	expire lock failed, lock key: time_bucket_lock_2023-11-13 20:06_2, err: can not expire without ownership of locker
2023-11-13T20:08:55.556+0800	INFO	trigger/worker.go:115	ack success, key: 2023-11-13 20:06_2
2023-11-13T20:08:55.556+0800	INFO	trigger/worker.go:115	ack success, key: 2023-11-13 20:06_0
2023-11-13T20:08:55.612+0800	INFO	scheduler/worker.go:103	get scheduler lock success, key: time_bucket_lock_2023-11-13 20:07_3
2023-11-13T20:08:55.918+0800	INFO	scheduler/worker.go:103	get scheduler lock success, key: time_bucket_lock_2023-11-13 20:07_1
2023-11-13T20:08:56.114+0800	INFO	scheduler/worker.go:103	get scheduler lock success, key: time_bucket_lock_2023-11-13 20:07_4
2023-11-13T20:08:56.516+0800	INFO	scheduler/worker.go:103	get scheduler lock success, key: time_bucket_lock_2023-11-13 20:07_0
2023-11-13T20:08:57.316+0800	INFO	scheduler/worker.go:103	get scheduler lock success, key: time_bucket_lock_2023-11-13 20:07_2
2023-11-13T20:09:00.033+0800	INFO	scheduler/worker.go:103	get scheduler lock success, key: time_bucket_lock_2023-11-13 20:09_2
2023-11-13T20:09:00.034+0800	INFO	scheduler/worker.go:103	get scheduler lock success, key: time_bucket_lock_2023-11-13 20:09_0
2023-11-13T20:09:00.034+0800	INFO	scheduler/worker.go:103	get scheduler lock success, key: time_bucket_lock_2023-11-13 20:09_3
2023-11-13T20:09:00.034+0800	INFO	scheduler/worker.go:103	get scheduler lock success, key: time_bucket_lock_2023-11-13 20:09_1
2023-11-13T20:09:00.035+0800	INFO	scheduler/worker.go:103	get scheduler lock success, key: time_bucket_lock_2023-11-13 20:09_4
2023-11-13T20:09:00.038+0800	ERROR	scheduler/worker.go:107	expire lock failed, lock key: time_bucket_lock_2023-11-13 20:08_1, err: can not expire without ownership of locker
2023-11-13T20:09:00.039+0800	INFO	trigger/worker.go:115	ack success, key: 2023-11-13 20:08_1
2023-11-13T20:09:00.041+0800	ERROR	scheduler/worker.go:107	expire lock failed, lock key: time_bucket_lock_2023-11-13 20:08_3, err: can not expire without ownership of locker
2023-11-13T20:09:00.041+0800	INFO	trigger/worker.go:115	ack success, key: 2023-11-13 20:08_3
2023-11-13T20:09:00.043+0800	ERROR	scheduler/worker.go:107	expire lock failed, lock key: time_bucket_lock_2023-11-13 20:08_0, err: can not expire without ownership of locker
2023-11-13T20:09:00.043+0800	INFO	trigger/worker.go:115	ack success, key: 2023-11-13 20:08_0
2023-11-13T20:09:00.044+0800	ERROR	scheduler/worker.go:107	expire lock failed, lock key: time_bucket_lock_2023-11-13 20:08_4, err: can not expire without ownership of locker
2023-11-13T20:09:00.044+0800	INFO	trigger/worker.go:115	ack success, key: 2023-11-13 20:08_4
2023-11-13T20:09:00.044+0800	ERROR	scheduler/worker.go:107	expire lock failed, lock key: time_bucket_lock_2023-11-13 20:08_2, err: can not expire without ownership of locker
2023-11-13T20:09:00.044+0800	INFO	trigger/worker.go:115	ack success, key: 2023-11-13 20:08_2
2023-11-13T20:09:00.070+0800	WARN	executor/timer.go:118	get timer from local cache failed, timerID: 3
2023-11-13T20:09:00.217+0800	INFO	scheduler/worker.go:103	get scheduler lock success, key: time_bucket_lock_2023-11-13 20:08_1
2023-11-13T20:09:00.218+0800	INFO	scheduler/worker.go:103	get scheduler lock success, key: time_bucket_lock_2023-11-13 20:08_2
2023-11-13T20:09:00.323+0800	INFO	scheduler/worker.go:103	get scheduler lock success, key: time_bucket_lock_2023-11-13 20:08_3
2023-11-13T20:09:00.341+0800	WARN	executor/timer.go:118	get timer from local cache failed, timerID: 3
2023-11-13T20:09:00.820+0800	INFO	scheduler/worker.go:103	get scheduler lock success, key: time_bucket_lock_2023-11-13 20:08_4
2023-11-13T20:09:01.426+0800	INFO	scheduler/worker.go:103	get scheduler lock success, key: time_bucket_lock_2023-11-13 20:08_0
2023-11-13T20:09:10.034+0800	INFO	scheduler/worker.go:103	get scheduler lock success, key: time_bucket_lock_2023-11-13 20:08_3
2023-11-13T20:09:10.035+0800	INFO	scheduler/worker.go:103	get scheduler lock success, key: time_bucket_lock_2023-11-13 20:08_0
2023-11-13T20:09:10.035+0800	INFO	scheduler/worker.go:103	get scheduler lock success, key: time_bucket_lock_2023-11-13 20:08_1
2023-11-13T20:09:10.035+0800	INFO	scheduler/worker.go:103	get scheduler lock success, key: time_bucket_lock_2023-11-13 20:08_2
2023-11-13T20:09:10.057+0800	WARN	executor/timer.go:118	get timer from local cache failed, timerID: 3
2023-11-13T20:09:10.134+0800	INFO	scheduler/worker.go:103	get scheduler lock success, key: time_bucket_lock_2023-11-13 20:08_4
2023-11-13T20:09:20.080+0800	WARN	executor/timer.go:118	get timer from local cache failed, timerID: 3
2023-11-13T20:09:20.346+0800	WARN	executor/timer.go:118	get timer from local cache failed, timerID: 3
2023-11-13T20:09:30.059+0800	WARN	executor/timer.go:118	get timer from local cache failed, timerID: 3
2023-11-13T20:09:55.621+0800	ERROR	scheduler/worker.go:107	expire lock failed, lock key: time_bucket_lock_2023-11-13 20:07_3, err: can not expire without ownership of locker
2023-11-13T20:09:55.621+0800	INFO	trigger/worker.go:115	ack success, key: 2023-11-13 20:07_3
2023-11-13T20:09:55.928+0800	ERROR	scheduler/worker.go:107	expire lock failed, lock key: time_bucket_lock_2023-11-13 20:07_1, err: can not expire without ownership of locker
2023-11-13T20:09:55.928+0800	INFO	trigger/worker.go:115	ack success, key: 2023-11-13 20:07_1
2023-11-13T20:09:56.125+0800	ERROR	scheduler/worker.go:107	expire lock failed, lock key: time_bucket_lock_2023-11-13 20:07_4, err: can not expire without ownership of locker
2023-11-13T20:09:56.125+0800	INFO	trigger/worker.go:115	ack success, key: 2023-11-13 20:07_4
2023-11-13T20:09:56.527+0800	ERROR	scheduler/worker.go:107	expire lock failed, lock key: time_bucket_lock_2023-11-13 20:07_0, err: can not expire without ownership of locker
2023-11-13T20:09:56.527+0800	INFO	trigger/worker.go:115	ack success, key: 2023-11-13 20:07_0
2023-11-13T20:09:57.326+0800	ERROR	scheduler/worker.go:107	expire lock failed, lock key: time_bucket_lock_2023-11-13 20:07_2, err: can not expire without ownership of locker
2023-11-13T20:09:57.327+0800	INFO	trigger/worker.go:115	ack success, key: 2023-11-13 20:07_2
2023-11-13T20:10:00.033+0800	INFO	scheduler/worker.go:103	get scheduler lock success, key: time_bucket_lock_2023-11-13 20:10_3
2023-11-13T20:10:00.034+0800	INFO	scheduler/worker.go:103	get scheduler lock success, key: time_bucket_lock_2023-11-13 20:10_0
2023-11-13T20:10:00.034+0800	INFO	scheduler/worker.go:103	get scheduler lock success, key: time_bucket_lock_2023-11-13 20:10_1
2023-11-13T20:10:00.034+0800	INFO	scheduler/worker.go:103	get scheduler lock success, key: time_bucket_lock_2023-11-13 20:10_2
2023-11-13T20:10:00.035+0800	INFO	scheduler/worker.go:103	get scheduler lock success, key: time_bucket_lock_2023-11-13 20:10_4
2023-11-13T20:10:00.045+0800	ERROR	scheduler/worker.go:107	expire lock failed, lock key: time_bucket_lock_2023-11-13 20:09_2, err: can not expire without ownership of locker
2023-11-13T20:10:00.045+0800	INFO	trigger/worker.go:115	ack success, key: 2023-11-13 20:09_2
2023-11-13T20:10:00.046+0800	ERROR	scheduler/worker.go:107	expire lock failed, lock key: time_bucket_lock_2023-11-13 20:09_3, err: can not expire without ownership of locker
2023-11-13T20:10:00.046+0800	INFO	trigger/worker.go:115	ack success, key: 2023-11-13 20:09_3
2023-11-13T20:10:00.046+0800	ERROR	scheduler/worker.go:107	expire lock failed, lock key: time_bucket_lock_2023-11-13 20:09_0, err: can not expire without ownership of locker
2023-11-13T20:10:00.046+0800	INFO	trigger/worker.go:115	ack success, key: 2023-11-13 20:09_0
2023-11-13T20:10:00.046+0800	ERROR	scheduler/worker.go:107	expire lock failed, lock key: time_bucket_lock_2023-11-13 20:09_1, err: can not expire without ownership of locker
2023-11-13T20:10:00.047+0800	INFO	trigger/worker.go:115	ack success, key: 2023-11-13 20:09_1
2023-11-13T20:10:00.050+0800	ERROR	scheduler/worker.go:107	expire lock failed, lock key: time_bucket_lock_2023-11-13 20:09_4, err: can not expire without ownership of locker
2023-11-13T20:10:00.050+0800	INFO	trigger/worker.go:115	ack success, key: 2023-11-13 20:09_4
2023-11-13T20:10:00.384+0800	ERROR	scheduler/worker.go:107	expire lock failed, lock key: time_bucket_lock_2023-11-13 20:08_3, err: can not expire without ownership of locker
2023-11-13T20:10:00.384+0800	INFO	trigger/worker.go:115	ack success, key: 2023-11-13 20:08_3
2023-11-13T20:10:00.384+0800	ERROR	scheduler/worker.go:107	expire lock failed, lock key: time_bucket_lock_2023-11-13 20:08_1, err: can not expire without ownership of locker
2023-11-13T20:10:00.384+0800	INFO	trigger/worker.go:115	ack success, key: 2023-11-13 20:08_1
2023-11-13T20:10:00.384+0800	INFO	scheduler/worker.go:103	get scheduler lock success, key: time_bucket_lock_2023-11-13 20:09_2
2023-11-13T20:10:00.384+0800	ERROR	scheduler/worker.go:107	expire lock failed, lock key: time_bucket_lock_2023-11-13 20:08_2, err: can not expire without ownership of locker
2023-11-13T20:10:00.384+0800	INFO	trigger/worker.go:115	ack success, key: 2023-11-13 20:08_2
2023-11-13T20:10:00.620+0800	INFO	scheduler/worker.go:103	get scheduler lock success, key: time_bucket_lock_2023-11-13 20:09_3
2023-11-13T20:10:00.832+0800	ERROR	scheduler/worker.go:107	expire lock failed, lock key: time_bucket_lock_2023-11-13 20:08_4, err: can not expire without ownership of locker
2023-11-13T20:10:00.833+0800	INFO	trigger/worker.go:115	ack success, key: 2023-11-13 20:08_4
2023-11-13T20:10:01.439+0800	ERROR	scheduler/worker.go:107	expire lock failed, lock key: time_bucket_lock_2023-11-13 20:08_0, err: can not expire without ownership of locker
2023-11-13T20:10:01.439+0800	INFO	trigger/worker.go:115	ack success, key: 2023-11-13 20:08_0
2023-11-13T20:10:10.049+0800	ERROR	scheduler/worker.go:107	expire lock failed, lock key: time_bucket_lock_2023-11-13 20:08_3, err: can not expire without ownership of locker
2023-11-13T20:10:10.049+0800	INFO	trigger/worker.go:115	ack success, key: 2023-11-13 20:08_3
2023-11-13T20:10:10.049+0800	ERROR	scheduler/worker.go:107	expire lock failed, lock key: time_bucket_lock_2023-11-13 20:08_0, err: can not expire without ownership of locker
2023-11-13T20:10:10.049+0800	ERROR	scheduler/worker.go:107	expire lock failed, lock key: time_bucket_lock_2023-11-13 20:08_1, err: can not expire without ownership of locker
2023-11-13T20:10:10.049+0800	INFO	trigger/worker.go:115	ack success, key: 2023-11-13 20:08_1
2023-11-13T20:10:10.049+0800	INFO	trigger/worker.go:115	ack success, key: 2023-11-13 20:08_0
2023-11-13T20:10:10.049+0800	ERROR	scheduler/worker.go:107	expire lock failed, lock key: time_bucket_lock_2023-11-13 20:08_2, err: can not expire without ownership of locker
2023-11-13T20:10:10.049+0800	INFO	trigger/worker.go:115	ack success, key: 2023-11-13 20:08_2
2023-11-13T20:10:10.143+0800	INFO	scheduler/worker.go:103	get scheduler lock success, key: time_bucket_lock_2023-11-13 20:09_4
2023-11-13T20:10:10.143+0800	INFO	scheduler/worker.go:103	get scheduler lock success, key: time_bucket_lock_2023-11-13 20:09_2
2023-11-13T20:10:10.144+0800	INFO	scheduler/worker.go:103	get scheduler lock success, key: time_bucket_lock_2023-11-13 20:09_3
2023-11-13T20:10:10.144+0800	INFO	scheduler/worker.go:103	get scheduler lock success, key: time_bucket_lock_2023-11-13 20:09_1
2023-11-13T20:10:10.144+0800	INFO	scheduler/worker.go:103	get scheduler lock success, key: time_bucket_lock_2023-11-13 20:09_0
2023-11-13T20:10:10.146+0800	ERROR	scheduler/worker.go:107	expire lock failed, lock key: time_bucket_lock_2023-11-13 20:08_4, err: can not expire without ownership of locker
2023-11-13T20:10:10.146+0800	INFO	trigger/worker.go:115	ack success, key: 2023-11-13 20:08_4
2023-11-13T20:11:00.045+0800	INFO	scheduler/worker.go:103	get scheduler lock success, key: time_bucket_lock_2023-11-13 20:11_0
2023-11-13T20:11:00.046+0800	INFO	scheduler/worker.go:103	get scheduler lock success, key: time_bucket_lock_2023-11-13 20:11_3
2023-11-13T20:11:00.047+0800	INFO	scheduler/worker.go:103	get scheduler lock success, key: time_bucket_lock_2023-11-13 20:11_1
2023-11-13T20:11:00.047+0800	INFO	scheduler/worker.go:103	get scheduler lock success, key: time_bucket_lock_2023-11-13 20:11_2
2023-11-13T20:11:00.047+0800	INFO	scheduler/worker.go:103	get scheduler lock success, key: time_bucket_lock_2023-11-13 20:11_4
2023-11-13T20:11:00.051+0800	ERROR	scheduler/worker.go:107	expire lock failed, lock key: time_bucket_lock_2023-11-13 20:10_1, err: can not expire without ownership of locker
2023-11-13T20:11:00.052+0800	INFO	trigger/worker.go:115	ack success, key: 2023-11-13 20:10_1
2023-11-13T20:11:00.051+0800	ERROR	scheduler/worker.go:107	expire lock failed, lock key: time_bucket_lock_2023-11-13 20:10_3, err: can not expire without ownership of locker
2023-11-13T20:11:00.052+0800	INFO	trigger/worker.go:115	ack success, key: 2023-11-13 20:10_3
2023-11-13T20:11:00.052+0800	ERROR	scheduler/worker.go:107	expire lock failed, lock key: time_bucket_lock_2023-11-13 20:10_2, err: can not expire without ownership of locker
2023-11-13T20:11:00.052+0800	INFO	trigger/worker.go:115	ack success, key: 2023-11-13 20:10_2
2023-11-13T20:11:00.053+0800	ERROR	scheduler/worker.go:107	expire lock failed, lock key: time_bucket_lock_2023-11-13 20:10_0, err: can not expire without ownership of locker
2023-11-13T20:11:00.053+0800	INFO	trigger/worker.go:115	ack success, key: 2023-11-13 20:10_0
2023-11-13T20:11:00.054+0800	ERROR	scheduler/worker.go:107	expire lock failed, lock key: time_bucket_lock_2023-11-13 20:10_4, err: can not expire without ownership of locker
2023-11-13T20:11:00.054+0800	INFO	trigger/worker.go:115	ack success, key: 2023-11-13 20:10_4
2023-11-13T20:11:00.408+0800	ERROR	scheduler/worker.go:107	expire lock failed, lock key: time_bucket_lock_2023-11-13 20:09_2, err: can not expire without ownership of locker
2023-11-13T20:11:00.408+0800	INFO	trigger/worker.go:115	ack success, key: 2023-11-13 20:09_2
2023-11-13T20:11:00.413+0800	INFO	scheduler/worker.go:103	get scheduler lock success, key: time_bucket_lock_2023-11-13 20:10_1
2023-11-13T20:11:00.413+0800	INFO	scheduler/worker.go:103	get scheduler lock success, key: time_bucket_lock_2023-11-13 20:10_0
2023-11-13T20:11:00.511+0800	INFO	scheduler/worker.go:103	get scheduler lock success, key: time_bucket_lock_2023-11-13 20:10_2
2023-11-13T20:11:00.512+0800	INFO	scheduler/worker.go:103	get scheduler lock success, key: time_bucket_lock_2023-11-13 20:10_3
2023-11-13T20:11:00.634+0800	ERROR	scheduler/worker.go:107	expire lock failed, lock key: time_bucket_lock_2023-11-13 20:09_3, err: can not expire without ownership of locker
2023-11-13T20:11:00.635+0800	INFO	trigger/worker.go:115	ack success, key: 2023-11-13 20:09_3
2023-11-13T20:11:01.616+0800	INFO	scheduler/worker.go:103	get scheduler lock success, key: time_bucket_lock_2023-11-13 20:10_4
2023-11-13T20:11:10.127+0800	INFO	scheduler/worker.go:103	get scheduler lock success, key: time_bucket_lock_2023-11-13 20:10_2
2023-11-13T20:11:10.128+0800	INFO	scheduler/worker.go:103	get scheduler lock success, key: time_bucket_lock_2023-11-13 20:10_4
2023-11-13T20:11:10.129+0800	INFO	scheduler/worker.go:103	get scheduler lock success, key: time_bucket_lock_2023-11-13 20:10_0
2023-11-13T20:11:10.130+0800	INFO	scheduler/worker.go:103	get scheduler lock success, key: time_bucket_lock_2023-11-13 20:10_1
2023-11-13T20:11:10.131+0800	INFO	scheduler/worker.go:103	get scheduler lock success, key: time_bucket_lock_2023-11-13 20:10_3
2023-11-13T20:11:10.155+0800	ERROR	scheduler/worker.go:107	expire lock failed, lock key: time_bucket_lock_2023-11-13 20:09_3, err: can not expire without ownership of locker
2023-11-13T20:11:10.155+0800	INFO	trigger/worker.go:115	ack success, key: 2023-11-13 20:09_3
2023-11-13T20:11:10.156+0800	ERROR	scheduler/worker.go:107	expire lock failed, lock key: time_bucket_lock_2023-11-13 20:09_0, err: can not expire without ownership of locker
2023-11-13T20:11:10.156+0800	INFO	trigger/worker.go:115	ack success, key: 2023-11-13 20:09_0
2023-11-13T20:11:10.156+0800	ERROR	scheduler/worker.go:107	expire lock failed, lock key: time_bucket_lock_2023-11-13 20:09_2, err: can not expire without ownership of locker
2023-11-13T20:11:10.156+0800	ERROR	scheduler/worker.go:107	expire lock failed, lock key: time_bucket_lock_2023-11-13 20:09_4, err: can not expire without ownership of locker
2023-11-13T20:11:10.156+0800	INFO	trigger/worker.go:115	ack success, key: 2023-11-13 20:09_2
2023-11-13T20:11:10.156+0800	INFO	trigger/worker.go:115	ack success, key: 2023-11-13 20:09_4
2023-11-13T20:11:10.157+0800	ERROR	scheduler/worker.go:107	expire lock failed, lock key: time_bucket_lock_2023-11-13 20:09_1, err: can not expire without ownership of locker
2023-11-13T20:11:10.157+0800	INFO	trigger/worker.go:115	ack success, key: 2023-11-13 20:09_1
2023-11-13T20:12:00.032+0800	INFO	scheduler/worker.go:103	get scheduler lock success, key: time_bucket_lock_2023-11-13 20:12_1
2023-11-13T20:12:00.032+0800	INFO	scheduler/worker.go:103	get scheduler lock success, key: time_bucket_lock_2023-11-13 20:12_3
2023-11-13T20:12:00.033+0800	INFO	scheduler/worker.go:103	get scheduler lock success, key: time_bucket_lock_2023-11-13 20:12_0
2023-11-13T20:12:00.034+0800	INFO	scheduler/worker.go:103	get scheduler lock success, key: time_bucket_lock_2023-11-13 20:12_2
2023-11-13T20:12:00.035+0800	INFO	scheduler/worker.go:103	get scheduler lock success, key: time_bucket_lock_2023-11-13 20:12_4
2023-11-13T20:12:00.056+0800	ERROR	scheduler/worker.go:107	expire lock failed, lock key: time_bucket_lock_2023-11-13 20:11_0, err: can not expire without ownership of locker
2023-11-13T20:12:00.056+0800	INFO	trigger/worker.go:115	ack success, key: 2023-11-13 20:11_0
2023-11-13T20:12:00.059+0800	ERROR	scheduler/worker.go:107	expire lock failed, lock key: time_bucket_lock_2023-11-13 20:11_3, err: can not expire without ownership of locker
2023-11-13T20:12:00.059+0800	INFO	trigger/worker.go:115	ack success, key: 2023-11-13 20:11_3
2023-11-13T20:12:00.059+0800	ERROR	scheduler/worker.go:107	expire lock failed, lock key: time_bucket_lock_2023-11-13 20:11_2, err: can not expire without ownership of locker
2023-11-13T20:12:00.060+0800	INFO	trigger/worker.go:115	ack success, key: 2023-11-13 20:11_2
2023-11-13T20:12:00.060+0800	ERROR	scheduler/worker.go:107	expire lock failed, lock key: time_bucket_lock_2023-11-13 20:11_4, err: can not expire without ownership of locker
2023-11-13T20:12:00.060+0800	INFO	trigger/worker.go:115	ack success, key: 2023-11-13 20:11_4
2023-11-13T20:12:00.060+0800	ERROR	scheduler/worker.go:107	expire lock failed, lock key: time_bucket_lock_2023-11-13 20:11_1, err: can not expire without ownership of locker
2023-11-13T20:12:00.060+0800	INFO	trigger/worker.go:115	ack success, key: 2023-11-13 20:11_1
2023-11-13T20:12:00.433+0800	ERROR	scheduler/worker.go:107	expire lock failed, lock key: time_bucket_lock_2023-11-13 20:10_0, err: can not expire without ownership of locker
2023-11-13T20:12:00.434+0800	INFO	trigger/worker.go:115	ack success, key: 2023-11-13 20:10_0
2023-11-13T20:12:00.434+0800	ERROR	scheduler/worker.go:107	expire lock failed, lock key: time_bucket_lock_2023-11-13 20:10_1, err: can not expire without ownership of locker
2023-11-13T20:12:00.435+0800	INFO	trigger/worker.go:115	ack success, key: 2023-11-13 20:10_1
2023-11-13T20:12:00.526+0800	ERROR	scheduler/worker.go:107	expire lock failed, lock key: time_bucket_lock_2023-11-13 20:10_3, err: can not expire without ownership of locker
2023-11-13T20:12:00.526+0800	INFO	trigger/worker.go:115	ack success, key: 2023-11-13 20:10_3
2023-11-13T20:12:00.526+0800	ERROR	scheduler/worker.go:107	expire lock failed, lock key: time_bucket_lock_2023-11-13 20:10_2, err: can not expire without ownership of locker
2023-11-13T20:12:00.526+0800	INFO	trigger/worker.go:115	ack success, key: 2023-11-13 20:10_2
2023-11-13T20:12:00.624+0800	INFO	scheduler/worker.go:103	get scheduler lock success, key: time_bucket_lock_2023-11-13 20:11_1
2023-11-13T20:12:01.622+0800	INFO	scheduler/worker.go:103	get scheduler lock success, key: time_bucket_lock_2023-11-13 20:11_3
2023-11-13T20:12:01.628+0800	ERROR	scheduler/worker.go:107	expire lock failed, lock key: time_bucket_lock_2023-11-13 20:10_4, err: can not expire without ownership of locker
2023-11-13T20:12:01.629+0800	INFO	trigger/worker.go:115	ack success, key: 2023-11-13 20:10_4
2023-11-13T20:12:10.136+0800	INFO	scheduler/worker.go:103	get scheduler lock success, key: time_bucket_lock_2023-11-13 20:11_4
2023-11-13T20:12:10.137+0800	INFO	scheduler/worker.go:103	get scheduler lock success, key: time_bucket_lock_2023-11-13 20:11_0
2023-11-13T20:12:10.137+0800	INFO	scheduler/worker.go:103	get scheduler lock success, key: time_bucket_lock_2023-11-13 20:11_2
2023-11-13T20:12:10.137+0800	INFO	scheduler/worker.go:103	get scheduler lock success, key: time_bucket_lock_2023-11-13 20:11_3
2023-11-13T20:12:10.137+0800	INFO	scheduler/worker.go:103	get scheduler lock success, key: time_bucket_lock_2023-11-13 20:11_1
2023-11-13T20:12:10.141+0800	ERROR	scheduler/worker.go:107	expire lock failed, lock key: time_bucket_lock_2023-11-13 20:10_2, err: can not expire without ownership of locker
2023-11-13T20:12:10.141+0800	ERROR	scheduler/worker.go:107	expire lock failed, lock key: time_bucket_lock_2023-11-13 20:10_4, err: can not expire without ownership of locker
2023-11-13T20:12:10.141+0800	INFO	trigger/worker.go:115	ack success, key: 2023-11-13 20:10_2
2023-11-13T20:12:10.141+0800	INFO	trigger/worker.go:115	ack success, key: 2023-11-13 20:10_4
2023-11-13T20:12:10.142+0800	ERROR	scheduler/worker.go:107	expire lock failed, lock key: time_bucket_lock_2023-11-13 20:10_0, err: can not expire without ownership of locker
2023-11-13T20:12:10.142+0800	INFO	trigger/worker.go:115	ack success, key: 2023-11-13 20:10_0
2023-11-13T20:12:10.142+0800	ERROR	scheduler/worker.go:107	expire lock failed, lock key: time_bucket_lock_2023-11-13 20:10_1, err: can not expire without ownership of locker
2023-11-13T20:12:10.142+0800	INFO	trigger/worker.go:115	ack success, key: 2023-11-13 20:10_1
2023-11-13T20:12:10.147+0800	ERROR	scheduler/worker.go:107	expire lock failed, lock key: time_bucket_lock_2023-11-13 20:10_3, err: can not expire without ownership of locker
2023-11-13T20:12:10.147+0800	INFO	trigger/worker.go:115	ack success, key: 2023-11-13 20:10_3
2023-11-13T20:13:00.039+0800	INFO	scheduler/worker.go:103	get scheduler lock success, key: time_bucket_lock_2023-11-13 20:13_3
2023-11-13T20:13:00.040+0800	INFO	scheduler/worker.go:103	get scheduler lock success, key: time_bucket_lock_2023-11-13 20:13_2
2023-11-13T20:13:00.040+0800	INFO	scheduler/worker.go:103	get scheduler lock success, key: time_bucket_lock_2023-11-13 20:13_1
2023-11-13T20:13:00.041+0800	INFO	scheduler/worker.go:103	get scheduler lock success, key: time_bucket_lock_2023-11-13 20:13_0
2023-11-13T20:13:00.042+0800	INFO	scheduler/worker.go:103	get scheduler lock success, key: time_bucket_lock_2023-11-13 20:13_4
2023-11-13T20:13:00.045+0800	ERROR	scheduler/worker.go:107	expire lock failed, lock key: time_bucket_lock_2023-11-13 20:12_1, err: can not expire without ownership of locker
2023-11-13T20:13:00.045+0800	INFO	trigger/worker.go:115	ack success, key: 2023-11-13 20:12_1
2023-11-13T20:13:00.046+0800	ERROR	scheduler/worker.go:107	expire lock failed, lock key: time_bucket_lock_2023-11-13 20:12_2, err: can not expire without ownership of locker
2023-11-13T20:13:00.046+0800	INFO	trigger/worker.go:115	ack success, key: 2023-11-13 20:12_2
2023-11-13T20:13:00.047+0800	ERROR	scheduler/worker.go:107	expire lock failed, lock key: time_bucket_lock_2023-11-13 20:12_4, err: can not expire without ownership of locker
2023-11-13T20:13:00.047+0800	INFO	trigger/worker.go:115	ack success, key: 2023-11-13 20:12_4
2023-11-13T20:13:00.051+0800	ERROR	scheduler/worker.go:107	expire lock failed, lock key: time_bucket_lock_2023-11-13 20:12_3, err: can not expire without ownership of locker
2023-11-13T20:13:00.051+0800	INFO	trigger/worker.go:115	ack success, key: 2023-11-13 20:12_3
2023-11-13T20:13:00.052+0800	ERROR	scheduler/worker.go:107	expire lock failed, lock key: time_bucket_lock_2023-11-13 20:12_0, err: can not expire without ownership of locker
2023-11-13T20:13:00.052+0800	INFO	trigger/worker.go:115	ack success, key: 2023-11-13 20:12_0
2023-11-13T20:13:00.112+0800	INFO	scheduler/worker.go:103	get scheduler lock success, key: time_bucket_lock_2023-11-13 20:12_0
2023-11-13T20:13:00.224+0800	INFO	scheduler/worker.go:103	get scheduler lock success, key: time_bucket_lock_2023-11-13 20:12_4
2023-11-13T20:13:00.315+0800	INFO	scheduler/worker.go:103	get scheduler lock success, key: time_bucket_lock_2023-11-13 20:12_3
2023-11-13T20:13:00.315+0800	INFO	scheduler/worker.go:103	get scheduler lock success, key: time_bucket_lock_2023-11-13 20:12_2
2023-11-13T20:13:00.636+0800	ERROR	scheduler/worker.go:107	expire lock failed, lock key: time_bucket_lock_2023-11-13 20:11_1, err: can not expire without ownership of locker
2023-11-13T20:13:00.636+0800	INFO	trigger/worker.go:115	ack success, key: 2023-11-13 20:11_1
2023-11-13T20:13:00.720+0800	INFO	scheduler/worker.go:103	get scheduler lock success, key: time_bucket_lock_2023-11-13 20:12_1
2023-11-13T20:13:01.637+0800	ERROR	scheduler/worker.go:107	expire lock failed, lock key: time_bucket_lock_2023-11-13 20:11_3, err: can not expire without ownership of locker
2023-11-13T20:13:01.637+0800	INFO	trigger/worker.go:115	ack success, key: 2023-11-13 20:11_3
2023-11-13T20:13:10.036+0800	INFO	scheduler/worker.go:103	get scheduler lock success, key: time_bucket_lock_2023-11-13 20:12_1
2023-11-13T20:13:10.039+0800	INFO	scheduler/worker.go:103	get scheduler lock success, key: time_bucket_lock_2023-11-13 20:12_3
2023-11-13T20:13:10.039+0800	INFO	scheduler/worker.go:103	get scheduler lock success, key: time_bucket_lock_2023-11-13 20:12_0
2023-11-13T20:13:10.130+0800	INFO	scheduler/worker.go:103	get scheduler lock success, key: time_bucket_lock_2023-11-13 20:12_2
2023-11-13T20:13:10.130+0800	INFO	scheduler/worker.go:103	get scheduler lock success, key: time_bucket_lock_2023-11-13 20:12_4
2023-11-13T20:13:10.152+0800	ERROR	scheduler/worker.go:107	expire lock failed, lock key: time_bucket_lock_2023-11-13 20:11_0, err: can not expire without ownership of locker
2023-11-13T20:13:10.153+0800	INFO	trigger/worker.go:115	ack success, key: 2023-11-13 20:11_0
2023-11-13T20:13:10.153+0800	ERROR	scheduler/worker.go:107	expire lock failed, lock key: time_bucket_lock_2023-11-13 20:11_2, err: can not expire without ownership of locker
2023-11-13T20:13:10.153+0800	INFO	trigger/worker.go:115	ack success, key: 2023-11-13 20:11_2
2023-11-13T20:13:10.154+0800	ERROR	scheduler/worker.go:107	expire lock failed, lock key: time_bucket_lock_2023-11-13 20:11_3, err: can not expire without ownership of locker
2023-11-13T20:13:10.154+0800	INFO	trigger/worker.go:115	ack success, key: 2023-11-13 20:11_3
2023-11-13T20:13:10.154+0800	ERROR	scheduler/worker.go:107	expire lock failed, lock key: time_bucket_lock_2023-11-13 20:11_1, err: can not expire without ownership of locker
2023-11-13T20:13:10.154+0800	INFO	trigger/worker.go:115	ack success, key: 2023-11-13 20:11_1
2023-11-13T20:13:10.154+0800	ERROR	scheduler/worker.go:107	expire lock failed, lock key: time_bucket_lock_2023-11-13 20:11_4, err: can not expire without ownership of locker
2023-11-13T20:13:10.154+0800	INFO	trigger/worker.go:115	ack success, key: 2023-11-13 20:11_4
2023-11-13T20:14:00.039+0800	INFO	scheduler/worker.go:103	get scheduler lock success, key: time_bucket_lock_2023-11-13 20:14_1
2023-11-13T20:14:00.040+0800	INFO	scheduler/worker.go:103	get scheduler lock success, key: time_bucket_lock_2023-11-13 20:14_2
2023-11-13T20:14:00.041+0800	INFO	scheduler/worker.go:103	get scheduler lock success, key: time_bucket_lock_2023-11-13 20:14_3
2023-11-13T20:14:00.041+0800	INFO	scheduler/worker.go:103	get scheduler lock success, key: time_bucket_lock_2023-11-13 20:14_4
2023-11-13T20:14:00.042+0800	INFO	scheduler/worker.go:103	get scheduler lock success, key: time_bucket_lock_2023-11-13 20:14_0
2023-11-13T20:14:00.051+0800	ERROR	scheduler/worker.go:107	expire lock failed, lock key: time_bucket_lock_2023-11-13 20:13_2, err: can not expire without ownership of locker
2023-11-13T20:14:00.051+0800	INFO	trigger/worker.go:115	ack success, key: 2023-11-13 20:13_2
2023-11-13T20:14:00.051+0800	ERROR	scheduler/worker.go:107	expire lock failed, lock key: time_bucket_lock_2023-11-13 20:13_1, err: can not expire without ownership of locker
2023-11-13T20:14:00.051+0800	INFO	trigger/worker.go:115	ack success, key: 2023-11-13 20:13_1
2023-11-13T20:14:00.051+0800	ERROR	scheduler/worker.go:107	expire lock failed, lock key: time_bucket_lock_2023-11-13 20:13_3, err: can not expire without ownership of locker
2023-11-13T20:14:00.051+0800	INFO	trigger/worker.go:115	ack success, key: 2023-11-13 20:13_3
2023-11-13T20:14:00.053+0800	ERROR	scheduler/worker.go:107	expire lock failed, lock key: time_bucket_lock_2023-11-13 20:13_0, err: can not expire without ownership of locker
2023-11-13T20:14:00.053+0800	INFO	trigger/worker.go:115	ack success, key: 2023-11-13 20:13_0
2023-11-13T20:14:00.054+0800	ERROR	scheduler/worker.go:107	expire lock failed, lock key: time_bucket_lock_2023-11-13 20:13_4, err: can not expire without ownership of locker
2023-11-13T20:14:00.054+0800	INFO	trigger/worker.go:115	ack success, key: 2023-11-13 20:13_4
2023-11-13T20:14:00.118+0800	INFO	scheduler/worker.go:103	get scheduler lock success, key: time_bucket_lock_2023-11-13 20:13_2
2023-11-13T20:14:00.124+0800	ERROR	scheduler/worker.go:107	expire lock failed, lock key: time_bucket_lock_2023-11-13 20:12_0, err: can not expire without ownership of locker
2023-11-13T20:14:00.124+0800	INFO	trigger/worker.go:115	ack success, key: 2023-11-13 20:12_0
2023-11-13T20:14:00.224+0800	INFO	scheduler/worker.go:103	get scheduler lock success, key: time_bucket_lock_2023-11-13 20:13_4
2023-11-13T20:14:00.237+0800	ERROR	scheduler/worker.go:107	expire lock failed, lock key: time_bucket_lock_2023-11-13 20:12_4, err: can not expire without ownership of locker
2023-11-13T20:14:00.237+0800	INFO	trigger/worker.go:115	ack success, key: 2023-11-13 20:12_4
2023-11-13T20:14:00.317+0800	INFO	scheduler/worker.go:103	get scheduler lock success, key: time_bucket_lock_2023-11-13 20:13_0
2023-11-13T20:14:00.329+0800	ERROR	scheduler/worker.go:107	expire lock failed, lock key: time_bucket_lock_2023-11-13 20:12_3, err: can not expire without ownership of locker
2023-11-13T20:14:00.329+0800	INFO	trigger/worker.go:115	ack success, key: 2023-11-13 20:12_3
2023-11-13T20:14:00.337+0800	ERROR	scheduler/worker.go:107	expire lock failed, lock key: time_bucket_lock_2023-11-13 20:12_2, err: can not expire without ownership of locker
2023-11-13T20:14:00.337+0800	INFO	trigger/worker.go:115	ack success, key: 2023-11-13 20:12_2
2023-11-13T20:14:00.425+0800	INFO	scheduler/worker.go:103	get scheduler lock success, key: time_bucket_lock_2023-11-13 20:13_3
2023-11-13T20:14:00.732+0800	ERROR	scheduler/worker.go:107	expire lock failed, lock key: time_bucket_lock_2023-11-13 20:12_1, err: can not expire without ownership of locker
2023-11-13T20:14:00.732+0800	INFO	trigger/worker.go:115	ack success, key: 2023-11-13 20:12_1
2023-11-13T20:14:01.625+0800	INFO	scheduler/worker.go:103	get scheduler lock success, key: time_bucket_lock_2023-11-13 20:13_1
2023-11-13T20:14:10.065+0800	ERROR	scheduler/worker.go:107	expire lock failed, lock key: time_bucket_lock_2023-11-13 20:12_3, err: can not expire without ownership of locker
2023-11-13T20:14:10.065+0800	ERROR	scheduler/worker.go:107	expire lock failed, lock key: time_bucket_lock_2023-11-13 20:12_1, err: can not expire without ownership of locker
2023-11-13T20:14:10.065+0800	INFO	trigger/worker.go:115	ack success, key: 2023-11-13 20:12_3
2023-11-13T20:14:10.065+0800	INFO	trigger/worker.go:115	ack success, key: 2023-11-13 20:12_1
2023-11-13T20:14:10.065+0800	ERROR	scheduler/worker.go:107	expire lock failed, lock key: time_bucket_lock_2023-11-13 20:12_0, err: can not expire without ownership of locker
2023-11-13T20:14:10.065+0800	INFO	trigger/worker.go:115	ack success, key: 2023-11-13 20:12_0
2023-11-13T20:14:10.142+0800	ERROR	scheduler/worker.go:107	expire lock failed, lock key: time_bucket_lock_2023-11-13 20:12_4, err: can not expire without ownership of locker
2023-11-13T20:14:10.142+0800	INFO	trigger/worker.go:115	ack success, key: 2023-11-13 20:12_4
2023-11-13T20:14:10.142+0800	ERROR	scheduler/worker.go:107	expire lock failed, lock key: time_bucket_lock_2023-11-13 20:12_2, err: can not expire without ownership of locker
2023-11-13T20:14:10.142+0800	INFO	trigger/worker.go:115	ack success, key: 2023-11-13 20:12_2
2023-11-13T20:14:10.144+0800	INFO	scheduler/worker.go:103	get scheduler lock success, key: time_bucket_lock_2023-11-13 20:13_4
2023-11-13T20:14:10.144+0800	INFO	scheduler/worker.go:103	get scheduler lock success, key: time_bucket_lock_2023-11-13 20:13_3
2023-11-13T20:14:10.145+0800	INFO	scheduler/worker.go:103	get scheduler lock success, key: time_bucket_lock_2023-11-13 20:13_0
2023-11-13T20:14:10.145+0800	INFO	scheduler/worker.go:103	get scheduler lock success, key: time_bucket_lock_2023-11-13 20:13_1
2023-11-13T20:14:10.146+0800	INFO	scheduler/worker.go:103	get scheduler lock success, key: time_bucket_lock_2023-11-13 20:13_2
2023-11-13T20:15:00.041+0800	INFO	scheduler/worker.go:103	get scheduler lock success, key: time_bucket_lock_2023-11-13 20:15_0
2023-11-13T20:15:00.042+0800	INFO	scheduler/worker.go:103	get scheduler lock success, key: time_bucket_lock_2023-11-13 20:15_3
2023-11-13T20:15:00.043+0800	INFO	scheduler/worker.go:103	get scheduler lock success, key: time_bucket_lock_2023-11-13 20:15_1
2023-11-13T20:15:00.044+0800	INFO	scheduler/worker.go:103	get scheduler lock success, key: time_bucket_lock_2023-11-13 20:15_4
2023-11-13T20:15:00.044+0800	INFO	scheduler/worker.go:103	get scheduler lock success, key: time_bucket_lock_2023-11-13 20:15_2
2023-11-13T20:15:00.053+0800	ERROR	scheduler/worker.go:107	expire lock failed, lock key: time_bucket_lock_2023-11-13 20:14_4, err: can not expire without ownership of locker
2023-11-13T20:15:00.053+0800	INFO	trigger/worker.go:115	ack success, key: 2023-11-13 20:14_4
2023-11-13T20:15:00.054+0800	ERROR	scheduler/worker.go:107	expire lock failed, lock key: time_bucket_lock_2023-11-13 20:14_1, err: can not expire without ownership of locker
2023-11-13T20:15:00.054+0800	INFO	trigger/worker.go:115	ack success, key: 2023-11-13 20:14_1
2023-11-13T20:15:00.054+0800	ERROR	scheduler/worker.go:107	expire lock failed, lock key: time_bucket_lock_2023-11-13 20:14_2, err: can not expire without ownership of locker
2023-11-13T20:15:00.054+0800	INFO	trigger/worker.go:115	ack success, key: 2023-11-13 20:14_2
2023-11-13T20:15:00.054+0800	ERROR	scheduler/worker.go:107	expire lock failed, lock key: time_bucket_lock_2023-11-13 20:14_3, err: can not expire without ownership of locker
2023-11-13T20:15:00.054+0800	INFO	trigger/worker.go:115	ack success, key: 2023-11-13 20:14_3
2023-11-13T20:15:00.055+0800	ERROR	scheduler/worker.go:107	expire lock failed, lock key: time_bucket_lock_2023-11-13 20:14_0, err: can not expire without ownership of locker
2023-11-13T20:15:00.055+0800	INFO	trigger/worker.go:115	ack success, key: 2023-11-13 20:14_0
2023-11-13T20:15:00.113+0800	INFO	scheduler/worker.go:103	get scheduler lock success, key: time_bucket_lock_2023-11-13 20:14_0
2023-11-13T20:15:00.130+0800	ERROR	scheduler/worker.go:107	expire lock failed, lock key: time_bucket_lock_2023-11-13 20:13_2, err: can not expire without ownership of locker
2023-11-13T20:15:00.130+0800	INFO	trigger/worker.go:115	ack success, key: 2023-11-13 20:13_2
2023-11-13T20:15:00.225+0800	INFO	scheduler/worker.go:103	get scheduler lock success, key: time_bucket_lock_2023-11-13 20:14_2
2023-11-13T20:15:00.238+0800	ERROR	scheduler/worker.go:107	expire lock failed, lock key: time_bucket_lock_2023-11-13 20:13_4, err: can not expire without ownership of locker
2023-11-13T20:15:00.238+0800	INFO	trigger/worker.go:115	ack success, key: 2023-11-13 20:13_4
2023-11-13T20:15:00.330+0800	ERROR	scheduler/worker.go:107	expire lock failed, lock key: time_bucket_lock_2023-11-13 20:13_0, err: can not expire without ownership of locker
2023-11-13T20:15:00.330+0800	INFO	trigger/worker.go:115	ack success, key: 2023-11-13 20:13_0
2023-11-13T20:15:00.445+0800	ERROR	scheduler/worker.go:107	expire lock failed, lock key: time_bucket_lock_2023-11-13 20:13_3, err: can not expire without ownership of locker
2023-11-13T20:15:00.445+0800	INFO	trigger/worker.go:115	ack success, key: 2023-11-13 20:13_3
2023-11-13T20:15:00.521+0800	INFO	scheduler/worker.go:103	get scheduler lock success, key: time_bucket_lock_2023-11-13 20:14_1
2023-11-13T20:15:01.423+0800	INFO	scheduler/worker.go:103	get scheduler lock success, key: time_bucket_lock_2023-11-13 20:14_4
2023-11-13T20:15:01.639+0800	ERROR	scheduler/worker.go:107	expire lock failed, lock key: time_bucket_lock_2023-11-13 20:13_1, err: can not expire without ownership of locker
2023-11-13T20:15:01.639+0800	INFO	trigger/worker.go:115	ack success, key: 2023-11-13 20:13_1
2023-11-13T20:15:02.322+0800	INFO	scheduler/worker.go:103	get scheduler lock success, key: time_bucket_lock_2023-11-13 20:14_3
2023-11-13T20:15:10.045+0800	INFO	scheduler/worker.go:103	get scheduler lock success, key: time_bucket_lock_2023-11-13 20:14_1
2023-11-13T20:15:10.136+0800	INFO	scheduler/worker.go:103	get scheduler lock success, key: time_bucket_lock_2023-11-13 20:14_2
2023-11-13T20:15:10.137+0800	INFO	scheduler/worker.go:103	get scheduler lock success, key: time_bucket_lock_2023-11-13 20:14_3
2023-11-13T20:15:10.137+0800	INFO	scheduler/worker.go:103	get scheduler lock success, key: time_bucket_lock_2023-11-13 20:14_4
2023-11-13T20:15:10.138+0800	INFO	scheduler/worker.go:103	get scheduler lock success, key: time_bucket_lock_2023-11-13 20:14_0
2023-11-13T20:15:10.157+0800	ERROR	scheduler/worker.go:107	expire lock failed, lock key: time_bucket_lock_2023-11-13 20:13_4, err: can not expire without ownership of locker
2023-11-13T20:15:10.157+0800	INFO	trigger/worker.go:115	ack success, key: 2023-11-13 20:13_4
2023-11-13T20:15:10.157+0800	ERROR	scheduler/worker.go:107	expire lock failed, lock key: time_bucket_lock_2023-11-13 20:13_3, err: can not expire without ownership of locker
2023-11-13T20:15:10.157+0800	INFO	trigger/worker.go:115	ack success, key: 2023-11-13 20:13_3
2023-11-13T20:15:10.159+0800	ERROR	scheduler/worker.go:107	expire lock failed, lock key: time_bucket_lock_2023-11-13 20:13_1, err: can not expire without ownership of locker
2023-11-13T20:15:10.159+0800	INFO	trigger/worker.go:115	ack success, key: 2023-11-13 20:13_1
2023-11-13T20:15:10.160+0800	ERROR	scheduler/worker.go:107	expire lock failed, lock key: time_bucket_lock_2023-11-13 20:13_2, err: can not expire without ownership of locker
2023-11-13T20:15:10.160+0800	INFO	trigger/worker.go:115	ack success, key: 2023-11-13 20:13_2
2023-11-13T20:15:10.160+0800	ERROR	scheduler/worker.go:107	expire lock failed, lock key: time_bucket_lock_2023-11-13 20:13_0, err: can not expire without ownership of locker
2023-11-13T20:15:10.160+0800	INFO	trigger/worker.go:115	ack success, key: 2023-11-13 20:13_0
2023-11-13T20:16:25.719+0800	WARN	scheduler/app.go:45	worker app is stopped
